kvWatcher_Next : (26) : Timeout
[/home/CKUguagiu/TestEnv/nats.c/src/js.c,2994] _recreateOrderedCons(void *closure) oci->done=0 oci->max=0)
[/home/CKUguagiu/TestEnv/nats.c/src/js.c,3007] if (!oci->done) INSIDE oci->done=0 oci->max=0)
[/home/CKUguagiu/TestEnv/nats.c/src/js.c,3020] if (!oci->done && (s == NATS_OK) INSIDE oci->done=0 oci->max=0)
[/home/CKUguagiu/TestEnv/nats.c/src/js.c,3041] js_AddConsumer(&ci, jsi->js, jsi->stream, cc, NULL, NULL) stream=KV_ANAGRAFICA consumer=k3n8nRU7 ocCfg.name=(null) ocCfg.durable=(null) ocCfg.description=(null)
WARNING : [NATS] Server : nats://10.126.5.27:4222] ConnectionStatus 4 = NATS_CONN_STATUS_RECONNECTING [closure=NULL]
WARNING : [NATS] Server : nats://10.126.5.27:4222] ConnectionStatus 2 = NATS_CONN_STATUS_CONNECTED [closure=NULL]
[/home/CKUguagiu/TestEnv/nats.c/src/js.c,3061] if (s == NATS_OK) else 1 Error
ERROR : [NATS Server : nats://10.126.5.27:4222][ConnectionStatus 1 = Error][LastError=1 = error recreating ordered consumer, will try again: status=1 error=(jsm.c:2871): stream not found][closure=NULL]
kvWatcher_Next : (26) : Timeout
kvWatcher_Next : (26) : Timeout
kvWatcher_Next : (26) : Timeout
kvWatcher_Next : (26) : Timeout
kvWatcher_Next : (26) : Timeout
kvWatcher_Next : (26) : Timeout
kvWatcher_Next : (26) : Timeout
kvWatcher_Next : (26) : Timeout
kvWatcher_Next : (26) : Timeout
kvWatcher_Next : (26) : Timeout
kvWatcher_Next : (26) : Timeout
kvWatcher_Next : (26) : Timeout
kvWatcher_Next : (26) : Timeout
kvWatcher_Next : (26) : Timeout
kvWatcher_Next : (26) : Timeout
kvWatcher_Next : (26) : Timeout
kvWatcher_Next : (26) : Timeout
kvWatcher_Next : (26) : Timeout
kvWatcher_Next : (26) : Timeout
kvWatcher_Next : (26) : Timeout
kvWatcher_Next : (26) : Timeout
kvWatcher_Next : (26) : Timeout
kvWatcher_Next : (26) : Timeout
kvWatcher_Next : (26) : Timeout
kvWatcher_Next : (26) : Timeout
kvWatcher_Next : (26) : Timeout
kvWatcher_Next : (26) : Timeout
kvWatcher_Next : (26) : Timeout
kvWatcher_Next : (26) : Timeout
kvWatcher_Next : (26) : Timeout
kvWatcher_Next : (26) : Timeout
kvWatcher_Next : (26) : Timeout
kvWatcher_Next : (26) : Timeout
kvWatcher_Next : (26) : Timeout
kvWatcher_Next : (26) : Timeout
kvWatcher_Next : (26) : Timeout
kvWatcher_Next : (26) : Timeout
kvWatcher_Next : (26) : Timeout
kvWatcher_Next : (26) : Timeout
kvWatcher_Next : (26) : Timeout
kvWatcher_Next : (26) : Timeout
kvWatcher_Next : (26) : Timeout
kvWatcher_Next : (26) : Timeout
kvWatcher_Next : (26) : Timeout
kvWatcher_Next : (26) : Timeout
kvWatcher_Next : (26) : Timeout
kvWatcher_Next : (26) : Timeout
kvWatcher_Next : (26) : Timeout
kvWatcher_Next : (26) : Timeout
kvWatcher_Next : (26) : Timeout
kvWatcher_Next : (26) : Timeout
kvWatcher_Next : (26) : Timeout
kvWatcher_Next : (26) : Timeout
kvWatcher_Next : (26) : Timeout
kvWatcher_Next : (26) : Timeout
kvWatcher_Next : (26) : Timeout
kvWatcher_Next : (26) : Timeout
kvWatcher_Next : (26) : Timeout
kvWatcher_Next : (26) : Timeout
kvWatcher_Next : (26) : Timeout
kvWatcher_Next : (26) : Timeout
kvWatcher_Next : (26) : Timeout
kvWatcher_Next : (26) : Timeout
kvWatcher_Next : (26) : Timeout
kvWatcher_Next : (26) : Timeout
kvWatcher_Next : (26) : Timeout
kvWatcher_Next : (26) : Timeout
kvWatcher_Next : (26) : Timeout
kvWatcher_Next : (26) : Timeout
kvWatcher_Next : (26) : Timeout
kvWatcher_Next : (26) : Timeout
kvWatcher_Next : (26) : Timeout
kvWatcher_Next : (26) : Timeout
kvWatcher_Next : (26) : Timeout
kvWatcher_Next : (26) : Timeout
kvWatcher_Next : (26) : Timeout
kvWatcher_Next : (26) : Timeout
kvWatcher_Next : (26) : Timeout
kvWatcher_Next : (26) : Timeout
kvWatcher_Next : (26) : Timeout
kvWatcher_Next : (26) : Timeout
kvWatcher_Next : (26) : Timeout
kvWatcher_Next : (26) : Timeout
kvWatcher_Next : (26) : Timeout
kvWatcher_Next : (26) : Timeout
kvWatcher_Next : (26) : Timeout
kvWatcher_Next : (26) : Timeout
kvWatcher_Next : (26) : Timeout
kvWatcher_Next : (26) : Timeout
kvWatcher_Next : (26) : Timeout
kvWatcher_Next : (26) : Timeout
kvWatcher_Next : (26) : Timeout
kvWatcher_Next : (26) : Timeout
kvWatcher_Next : (26) : Timeout
kvWatcher_Next : (26) : Timeout
kvWatcher_Next : (26) : Timeout
kvWatcher_Next : (26) : Timeout
kvWatcher_Next : (26) : Timeout
kvWatcher_Next : (26) : Timeout
kvWatcher_Next : (26) : Timeout
kvWatcher_Next : (26) : Timeout
kvWatcher_Next : (26) : Timeout
kvWatcher_Next : (26) : Timeout
kvWatcher_Next : (26) : Timeout
kvWatcher_Next : (26) : Timeout
kvWatcher_Next : (26) : Timeout
kvWatcher_Next : (26) : Timeout
kvWatcher_Next : (26) : Timeout
kvWatcher_Next : (26) : Timeout
kvWatcher_Next : (26) : Timeout
kvWatcher_Next : (26) : Timeout
kvWatcher_Next : (26) : Timeout
kvWatcher_Next : (26) : Timeout
kvWatcher_Next : (26) : Timeout
kvWatcher_Next : (26) : Timeout
kvWatcher_Next : (26) : Timeout
kvWatcher_Next : (26) : Timeout
kvWatcher_Next : (26) : Timeout
kvWatcher_Next : (26) : Timeout
kvWatcher_Next : (26) : Timeout
kvWatcher_Next : (26) : Timeout
kvWatcher_Next : (26) : Timeout
kvWatcher_Next : (26) : Timeout
kvWatcher_Next : (26) : Timeout
kvWatcher_Next : (26) : Timeout
kvWatcher_Next : (26) : Timeout
kvWatcher_Next : (26) : Timeout
kvWatcher_Next : (26) : Timeout
kvWatcher_Next : (26) : Timeout
kvWatcher_Next : (26) : Timeout
kvWatcher_Next : (26) : Timeout
kvWatcher_Next : (26) : Timeout
kvWatcher_Next : (26) : Timeout
kvWatcher_Next : (26) : Timeout
kvWatcher_Next : (26) : Timeout
kvWatcher_Next : (26) : Timeout
kvWatcher_Next : (26) : Timeout
kvWatcher_Next : (26) : Timeout
kvWatcher_Next : (26) : Timeout
kvWatcher_Next : (26) : Timeout
kvWatcher_Next : (26) : Timeout
kvWatcher_Next : (26) : Timeout
kvWatcher_Next : (26) : Timeout
kvWatcher_Next : (26) : Timeout
kvWatcher_Next : (26) : Timeout
kvWatcher_Next : (26) : Timeout
kvWatcher_Next : (26) : Timeout
kvWatcher_Next : (26) : Timeout
kvWatcher_Next : (26) : Timeout
[/home/CKUguagiu/TestEnv/nats.c/src/js.c,2994] _recreateOrderedCons(void *closure) oci->done=0 oci->max=0)
[/home/CKUguagiu/TestEnv/nats.c/src/js.c,3007] if (!oci->done) INSIDE oci->done=0 oci->max=0)
ERROR : [NATS Server : nats://10.126.5.27:4222][ConnectionStatus 36 = Missed Server Heartbeat][LastError=0 = [/home/CKUguagiu/TestEnv/nats.c/src/js.c,3020] if (!oci->done && (s == NATS_OK) INSIDE oci->done=0 oci->max=0)
[/home/CKUguagiu/TestEnv/nats.c/src/js.c,3041] js_AddConsumer(&ci, jsi->js, jsi->stream, cc, NULL, NULL) stream=KV_ANAGRAFICA consumer=k3n8nRU7 ocCfg.name=(null) ocCfg.durable=(null) ocCfg.description=(null)
[/home/CKUguagiu/TestEnv/nats.c/src/js.c,3061] if (s == NATS_OK) else 1 Error
ERROR : [NATS Server : nats://10.126.5.27:4222][ConnectionStatus 1 = Error][LastError=1 = error recreating ordered consumer, will try again: status=1 error=(jsm.c:2871): stream not found][closure=NULL]
kvWatcher_Next : (26) : Timeout
kvWatcher_Next : (26) : Timeout
kvWatcher_Next : (26) : Timeout
kvWatcher_Next : (26) : Timeout
kvWatcher_Next : (26) : Timeout
kvWatcher_Next : (26) : Timeout
kvWatcher_Next : (26) : Timeout
kvWatcher_Next : (26) : Timeout
kvWatcher_Next : (26) : Timeout
kvWatcher_Next : (26) : Timeout
kvWatcher_Next : (26) : Timeout
kvWatcher_Next : (26) : Timeout
kvWatcher_Next : (26) : Timeout
kvWatcher_Next : (26) : Timeout
kvWatcher_Next : (26) : Timeout
kvWatcher_Next : (26) : Timeout
kvWatcher_Next : (26) : Timeout
kvWatcher_Next : (26) : Timeout
kvWatcher_Next : (26) : Timeout
kvWatcher_Next : (26) : Timeout
kvWatcher_Next : (26) : Timeout
kvWatcher_Next : (26) : Timeout
kvWatcher_Next : (26) : Timeout
kvWatcher_Next : (26) : Timeout
kvWatcher_Next : (26) : Timeout
kvWatcher_Next : (26) : Timeout
kvWatcher_Next : (26) : Timeout
kvWatcher_Next : (26) : Timeout
kvWatcher_Next : (26) : Timeout
kvWatcher_Next : (26) : Timeout
kvWatcher_Next : (26) : Timeout
kvWatcher_Next : (26) : Timeout
kvWatcher_Next : (26) : Timeout
kvWatcher_Next : (26) : Timeout
kvWatcher_Next : (26) : Timeout
kvWatcher_Next : (26) : Timeout
kvWatcher_Next : (26) : Timeout
kvWatcher_Next : (26) : Timeout
kvWatcher_Next : (26) : Timeout
kvWatcher_Next : (26) : Timeout
kvWatcher_Next : (26) : Timeout
kvWatcher_Next : (26) : Timeout
kvWatcher_Next : (26) : Timeout
kvWatcher_Next : (26) : Timeout
kvWatcher_Next : (26) : Timeout
kvWatcher_Next : (26) : Timeout
kvWatcher_Next : (26) : Timeout
kvWatcher_Next : (26) : Timeout
kvWatcher_Next : (26) : Timeout
kvWatcher_Next : (26) : Timeout
kvWatcher_Next : (26) : Timeout
kvWatcher_Next : (26) : Timeout
kvWatcher_Next : (26) : Timeout
kvWatcher_Next : (26) : Timeout
kvWatcher_Next : (26) : Timeout
kvWatcher_Next : (26) : Timeout
kvWatcher_Next : (26) : Timeout
kvWatcher_Next : (26) : Timeout
kvWatcher_Next : (26) : Timeout
kvWatcher_Next : (26) : Timeout
kvWatcher_Next : (26) : Timeout
kvWatcher_Next : (26) : Timeout
kvWatcher_Next : (26) : Timeout
kvWatcher_Next : (26) : Timeout
kvWatcher_Next : (26) : Timeout
kvWatcher_Next : (26) : Timeout
kvWatcher_Next : (26) : Timeout
kvWatcher_Next : (26) : Timeout
kvWatcher_Next : (26) : Timeout
kvWatcher_Next : (26) : Timeout
kvWatcher_Next : (26) : Timeout
kvWatcher_Next : (26) : Timeout
kvWatcher_Next : (26) : Timeout
kvWatcher_Next : (26) : Timeout
kvWatcher_Next : (26) : Timeout
kvWatcher_Next : (26) : Timeout
kvWatcher_Next : (26) : Timeout
kvWatcher_Next : (26) : Timeout
kvWatcher_Next : (26) : Timeout
kvWatcher_Next : (26) : Timeout
kvWatcher_Next : (26) : Timeout
kvWatcher_Next : (26) : Timeout
kvWatcher_Next : (26) : Timeout
kvWatcher_Next : (26) : Timeout
kvWatcher_Next : (26) : Timeout
kvWatcher_Next : (26) : Timeout
kvWatcher_Next : (26) : Timeout
kvWatcher_Next : (26) : Timeout
kvWatcher_Next : (26) : Timeout
kvWatcher_Next : (26) : Timeout
kvWatcher_Next : (26) : Timeout
kvWatcher_Next : (26) : Timeout
kvWatcher_Next : (26) : Timeout
kvWatcher_Next : (26) : Timeout
kvWatcher_Next : (26) : Timeout
kvWatcher_Next : (26) : Timeout
kvWatcher_Next : (26) : Timeout
kvWatcher_Next : (26) : Timeout
kvWatcher_Next : (26) : Timeout
kvWatcher_Next : (26) : Timeout
[/home/CKUguagiu/TestEnv/nats.c/src/js.c,2994] _recreateOrderedCons(void *closure) oci->done=0 oci->max=0)
[/home/CKUguagiu/TestEnv/nats.c/src/js.c,3007] if (!oci->done) INSIDE oci->done=0 oci->max=0)
ERROR : [NATS Server : nats://10.126.5.27:4222][ConnectionStatus 36 = Missed Server Heartbeat][LastError=0 = [/home/CKUguagiu/TestEnv/nats.c/src/js.c,3020] if (!oci->done && (s == NATS_OK) INSIDE oci->done=0 oci->max=0)
[/home/CKUguagiu/TestEnv/nats.c/src/js.c,3041] js_AddConsumer(&ci, jsi->js, jsi->stream, cc, NULL, NULL) stream=KV_ANAGRAFICA consumer=k3n8nRU7 ocCfg.name=(null) ocCfg.durable=(null) ocCfg.description=(null)
[/home/CKUguagiu/TestEnv/nats.c/src/js.c,3061] if (s == NATS_OK) else 1 Error
ERROR : [NATS Server : nats://10.126.5.27:4222][ConnectionStatus 1 = Error][LastError=1 = error recreating ordered consumer, will try again: status=1 error=(jsm.c:2871): stream not found][closure=NULL]
kvWatcher_Next : (26) : Timeout
kvWatcher_Next : (26) : Timeout
kvWatcher_Next : (26) : Timeout
kvWatcher_Next : (26) : Timeout
kvWatcher_Next : (26) : Timeout
kvWatcher_Next : (26) : Timeout
kvWatcher_Next : (26) : Timeout
kvWatcher_Next : (26) : Timeout
kvWatcher_Next : (26) : Timeout
kvWatcher_Next : (26) : Timeout
kvWatcher_Next : (26) : Timeout
kvWatcher_Next : (26) : Timeout
kvWatcher_Next : (26) : Timeout
kvWatcher_Next : (26) : Timeout
kvWatcher_Next : (26) : Timeout
kvWatcher_Next : (26) : Timeout
kvWatcher_Next : (26) : Timeout
kvWatcher_Next : (26) : Timeout
kvWatcher_Next : (26) : Timeout
kvWatcher_Next : (26) : Timeout
kvWatcher_Next : (26) : Timeout
kvWatcher_Next : (26) : Timeout
kvWatcher_Next : (26) : Timeout
kvWatcher_Next : (26) : Timeout
kvWatcher_Next : (26) : Timeout
kvWatcher_Next : (26) : Timeout
kvWatcher_Next : (26) : Timeout
kvWatcher_Next : (26) : Timeout
kvWatcher_Next : (26) : Timeout
kvWatcher_Next : (26) : Timeout
kvWatcher_Next : (26) : Timeout
kvWatcher_Next : (26) : Timeout
kvWatcher_Next : (26) : Timeout
kvWatcher_Next : (26) : Timeout
kvWatcher_Next : (26) : Timeout
kvWatcher_Next : (26) : Timeout
kvWatcher_Next : (26) : Timeout
kvWatcher_Next : (26) : Timeout
kvWatcher_Next : (26) : Timeout
kvWatcher_Next : (26) : Timeout
kvWatcher_Next : (26) : Timeout
kvWatcher_Next : (26) : Timeout
kvWatcher_Next : (26) : Timeout
kvWatcher_Next : (26) : Timeout
kvWatcher_Next : (26) : Timeout
kvWatcher_Next : (26) : Timeout
kvWatcher_Next : (26) : Timeout
kvWatcher_Next : (26) : Timeout
kvWatcher_Next : (26) : Timeout
kvWatcher_Next : (26) : Timeout
kvWatcher_Next : (26) : Timeout
kvWatcher_Next : (26) : Timeout
kvWatcher_Next : (26) : Timeout
kvWatcher_Next : (26) : Timeout
kvWatcher_Next : (26) : Timeout
kvWatcher_Next : (26) : Timeout
kvWatcher_Next : (26) : Timeout
kvWatcher_Next : (26) : Timeout
kvWatcher_Next : (26) : Timeout
kvWatcher_Next : (26) : Timeout
kvWatcher_Next : (26) : Timeout
kvWatcher_Next : (26) : Timeout
kvWatcher_Next : (26) : Timeout
kvWatcher_Next : (26) : Timeout
kvWatcher_Next : (26) : Timeout
kvWatcher_Next : (26) : Timeout
kvWatcher_Next : (26) : Timeout
kvWatcher_Next : (26) : Timeout
kvWatcher_Next : (26) : Timeout
kvWatcher_Next : (26) : Timeout
kvWatcher_Next : (26) : Timeout
kvWatcher_Next : (26) : Timeout
kvWatcher_Next : (26) : Timeout
kvWatcher_Next : (26) : Timeout
kvWatcher_Next : (26) : Timeout
kvWatcher_Next : (26) : Timeout
kvWatcher_Next : (26) : Timeout
kvWatcher_Next : (26) : Timeout
kvWatcher_Next : (26) : Timeout
kvWatcher_Next : (26) : Timeout
kvWatcher_Next : (26) : Timeout
kvWatcher_Next : (26) : Timeout
kvWatcher_Next : (26) : Timeout
kvWatcher_Next : (26) : Timeout
kvWatcher_Next : (26) : Timeout
kvWatcher_Next : (26) : Timeout
kvWatcher_Next : (26) : Timeout
kvWatcher_Next : (26) : Timeout
kvWatcher_Next : (26) : Timeout
kvWatcher_Next : (26) : Timeout
kvWatcher_Next : (26) : Timeout
kvWatcher_Next : (26) : Timeout
kvWatcher_Next : (26) : Timeout
kvWatcher_Next : (26) : Timeout
kvWatcher_Next : (26) : Timeout
kvWatcher_Next : (26) : Timeout
kvWatcher_Next : (26) : Timeout
kvWatcher_Next : (26) : Timeout
kvWatcher_Next : (26) : Timeout
kvWatcher_Next : (26) : Timeout
[/home/CKUguagiu/TestEnv/nats.c/src/js.c,2994] _recreateOrderedCons(void *closure) oci->done=0 oci->max=0)
[/home/CKUguagiu/TestEnv/nats.c/src/js.c,3007] if (!oci->done) INSIDE oci->done=0 oci->max=0)
[/home/CKUguagiu/TestEnv/nats.c/src/js.c,3020] if (!oci->done && (s == NATS_OK) INSIDE oci->done=0 oci->max=0)
[/home/CKUguagiu/TestEnv/nats.c/src/js.c,3041] js_AddConsumer(&ci, jsi->js, jsi->stream, cc, NULL, NULL) stream=KV_ANAGRAFICA consumer=k3n8nRU7 ocCfg.name=(null) ocCfg.durable=(null) ocCfg.description=(null)
ERROR : [NATS Server : nats://10.126.5.27:4222][ConnectionStatus 36 = Missed Server Heartbeat][LastError=0 = [/home/CKUguagiu/TestEnv/nats.c/src/js.c,3061] if (s == NATS_OK) else 1 Error
ERROR : [NATS Server : nats://10.126.5.27:4222][ConnectionStatus 1 = Error][LastError=1 = error recreating ordered consumer, will try again: status=1 error=(jsm.c:2871): stream not found][closure=NULL]
kvWatcher_Next : (26) : Timeout
kvWatcher_Next : (26) : Timeout
kvWatcher_Next : (26) : Timeout
kvWatcher_Next : (26) : Timeout
kvWatcher_Next : (26) : Timeout
kvWatcher_Next : (26) : Timeout
kvWatcher_Next : (26) : Timeout
kvWatcher_Next : (26) : Timeout
kvWatcher_Next : (26) : Timeout
kvWatcher_Next : (26) : Timeout
kvWatcher_Next : (26) : Timeout
kvWatcher_Next : (26) : Timeout
kvWatcher_Next : (26) : Timeout
kvWatcher_Next : (26) : Timeout
kvWatcher_Next : (26) : Timeout
kvWatcher_Next : (26) : Timeout
kvWatcher_Next : (26) : Timeout
kvWatcher_Next : (26) : Timeout
kvWatcher_Next : (26) : Timeout
kvWatcher_Next : (26) : Timeout
kvWatcher_Next : (26) : Timeout
kvWatcher_Next : (26) : Timeout
kvWatcher_Next : (26) : Timeout
kvWatcher_Next : (26) : Timeout
kvWatcher_Next : (26) : Timeout
kvWatcher_Next : (26) : Timeout
kvWatcher_Next : (26) : Timeout
kvWatcher_Next : (26) : Timeout
kvWatcher_Next : (26) : Timeout
kvWatcher_Next : (26) : Timeout
kvWatcher_Next : (26) : Timeout
kvWatcher_Next : (26) : Timeout
kvWatcher_Next : (26) : Timeout
kvWatcher_Next : (26) : Timeout
kvWatcher_Next : (26) : Timeout
kvWatcher_Next : (26) : Timeout
kvWatcher_Next : (26) : Timeout
kvWatcher_Next : (26) : Timeout
kvWatcher_Next : (26) : Timeout
kvWatcher_Next : (26) : Timeout
kvWatcher_Next : (26) : Timeout
kvWatcher_Next : (26) : Timeout
kvWatcher_Next : (26) : Timeout
kvWatcher_Next : (26) : Timeout
kvWatcher_Next : (26) : Timeout
kvWatcher_Next : (26) : Timeout
kvWatcher_Next : (26) : Timeout
kvWatcher_Next : (26) : Timeout
kvWatcher_Next : (26) : Timeout
kvWatcher_Next : (26) : Timeout
kvWatcher_Next : (26) : Timeout
kvWatcher_Next : (26) : Timeout
kvWatcher_Next : (26) : Timeout
kvWatcher_Next : (26) : Timeout
kvWatcher_Next : (26) : Timeout
kvWatcher_Next : (26) : Timeout
kvWatcher_Next : (26) : Timeout
kvWatcher_Next : (26) : Timeout
kvWatcher_Next : (26) : Timeout
kvWatcher_Next : (26) : Timeout
kvWatcher_Next : (26) : Timeout
kvWatcher_Next : (26) : Timeout
kvWatcher_Next : (26) : Timeout
kvWatcher_Next : (26) : Timeout
kvWatcher_Next : (26) : Timeout
kvWatcher_Next : (26) : Timeout
kvWatcher_Next : (26) : Timeout
kvWatcher_Next : (26) : Timeout
kvWatcher_Next : (26) : Timeout
kvWatcher_Next : (26) : Timeout
kvWatcher_Next : (26) : Timeout
kvWatcher_Next : (26) : Timeout
kvWatcher_Next : (26) : Timeout
kvWatcher_Next : (26) : Timeout
kvWatcher_Next : (26) : Timeout
kvWatcher_Next : (26) : Timeout
kvWatcher_Next : (26) : Timeout
kvWatcher_Next : (26) : Timeout
kvWatcher_Next : (26) : Timeout
kvWatcher_Next : (26) : Timeout
kvWatcher_Next : (26) : Timeout
kvWatcher_Next : (26) : Timeout
kvWatcher_Next : (26) : Timeout
kvWatcher_Next : (26) : Timeout
kvWatcher_Next : (26) : Timeout
kvWatcher_Next : (26) : Timeout
kvWatcher_Next : (26) : Timeout
kvWatcher_Next : (26) : Timeout
kvWatcher_Next : (26) : Timeout
kvWatcher_Next : (26) : Timeout
kvWatcher_Next : (26) : Timeout
kvWatcher_Next : (26) : Timeout
kvWatcher_Next : (26) : Timeout
kvWatcher_Next : (26) : Timeout
kvWatcher_Next : (26) : Timeout
kvWatcher_Next : (26) : Timeout
kvWatcher_Next : (26) : Timeout
kvWatcher_Next : (26) : Timeout
kvWatcher_Next : (26) : Timeout
kvWatcher_Next : (26) : Timeout
[/home/CKUguagiu/TestEnv/nats.c/src/js.c,2994] _recreateOrderedCons(void *closure) oci->done=0 oci->max=0)
ERROR : [NATS Server : nats://10.126.5.27:4222][ConnectionStatus 36 = Missed Server Heartbeat][LastError=0 = [/home/CKUguagiu/TestEnv/nats.c/src/js.c,3007] if (!oci->done) INSIDE oci->done=0 oci->max=0)
[/home/CKUguagiu/TestEnv/nats.c/src/js.c,3020] if (!oci->done && (s == NATS_OK) INSIDE oci->done=0 oci->max=0)
[/home/CKUguagiu/TestEnv/nats.c/src/js.c,3041] js_AddConsumer(&ci, jsi->js, jsi->stream, cc, NULL, NULL) stream=KV_ANAGRAFICA consumer=k3n8nRU7 ocCfg.name=(null) ocCfg.durable=(null) ocCfg.description=(null)
[/home/CKUguagiu/TestEnv/nats.c/src/js.c,3061] if (s == NATS_OK) else 1 Error
ERROR : [NATS Server : nats://10.126.5.27:4222][ConnectionStatus 1 = Error][LastError=1 = error recreating ordered consumer, will try again: status=1 error=(jsm.c:2871): stream not found][closure=NULL]
kvWatcher_Next : (26) : Timeout
kvWatcher_Next : (26) : Timeout
kvWatcher_Next : (26) : Timeout
kvWatcher_Next : (26) : Timeout
kvWatcher_Next : (26) : Timeout
kvWatcher_Next : (26) : Timeout
kvWatcher_Next : (26) : Timeout
kvWatcher_Next : (26) : Timeout
kvWatcher_Next : (26) : Timeout
kvWatcher_Next : (26) : Timeout
kvWatcher_Next : (26) : Timeout
kvWatcher_Next : (26) : Timeout
kvWatcher_Next : (26) : Timeout
kvWatcher_Next : (26) : Timeout
kvWatcher_Next : (26) : Timeout
kvWatcher_Next : (26) : Timeout
kvWatcher_Next : (26) : Timeout
kvWatcher_Next : (26) : Timeout
kvWatcher_Next : (26) : Timeout
kvWatcher_Next : (26) : Timeout
kvWatcher_Next : (26) : Timeout
kvWatcher_Next : (26) : Timeout
kvWatcher_Next : (26) : Timeout
kvWatcher_Next : (26) : Timeout
kvWatcher_Next : (26) : Timeout
kvWatcher_Next : (26) : Timeout
kvWatcher_Next : (26) : Timeout
kvWatcher_Next : (26) : Timeout
kvWatcher_Next : (26) : Timeout
kvWatcher_Next : (26) : Timeout
kvWatcher_Next : (26) : Timeout
kvWatcher_Next : (26) : Timeout
kvWatcher_Next : (26) : Timeout
kvWatcher_Next : (26) : Timeout
kvWatcher_Next : (26) : Timeout
kvWatcher_Next : (26) : Timeout
kvWatcher_Next : (26) : Timeout
kvWatcher_Next : (26) : Timeout
kvWatcher_Next : (26) : Timeout
kvWatcher_Next : (26) : Timeout
kvWatcher_Next : (26) : Timeout
kvWatcher_Next : (26) : Timeout
kvWatcher_Next : (26) : Timeout
kvWatcher_Next : (26) : Timeout
kvWatcher_Next : (26) : Timeout
kvWatcher_Next : (26) : Timeout
kvWatcher_Next : (26) : Timeout
kvWatcher_Next : (26) : Timeout
kvWatcher_Next : (26) : Timeout
kvWatcher_Next : (26) : Timeout
kvWatcher_Next : (26) : Timeout
kvWatcher_Next : (26) : Timeout
kvWatcher_Next : (26) : Timeout
kvWatcher_Next : (26) : Timeout
kvWatcher_Next : (26) : Timeout
kvWatcher_Next : (26) : Timeout
kvWatcher_Next : (26) : Timeout
kvWatcher_Next : (26) : Timeout
kvWatcher_Next : (26) : Timeout
kvWatcher_Next : (26) : Timeout
kvWatcher_Next : (26) : Timeout
kvWatcher_Next : (26) : Timeout
kvWatcher_Next : (26) : Timeout
kvWatcher_Next : (26) : Timeout
