[/var/tmp/TestEnv2/nats.c/src/jsm.c:2907] js_AddConsumer stream=KV_ANAGRAFICA2
[/var/tmp/TestEnv2/nats.c/src/jsm.c:2913] js_AddConsumer cfg->Name=(null) cfg->Durable=(null)
[/var/tmp/TestEnv2/nats.c/src/jsm.c:2965] IFOK(s, _marshalConsumerCreateReq(&buf, stream, cfg)) 0 OK
[/var/tmp/TestEnv2/nats.c/src/jsm.c:2968] Before sendRequest: subj=$JS.API.CONSUMER.CREATE.KV_ANAGRAFICA2 buf={"stream_name":"KV_ANAGRAFICA2","config":{"deliver_policy":"last_per_subject","deliver_subject":"_INBOX.1IQQYPA7MF8SLHT9N6PDLI","ack_policy":"none","ack_wait":86400000000000,"max_deliver":1,"filter_subject":"$KV.ANAGRAFICA2.>","replay_policy":"instant","flow_control":true,"idle_heartbeat":5000000000,"num_replicas":1,"mem_storage":true}}
[/var/tmp/TestEnv2/nats.c/src/jsm.c:2970] IFOK_JSR(s, natsConnection_Request(&resp, nc, subj, natsBuf_Data(buf), natsBuf_Len(buf), o.Wait)) 0 OK
TRACE[/var/tmp/TestEnv2/nats.c/src/jsm.c:2857] : {"type":"io.nats.jetstream.api.v1.consumer_create_response","stream_name":"KV_ANAGRAFICA2","name":"iZkJCQIw","created":"2022-10-09T12:06:52.472080971Z","config":{"deliver_policy":"last_per_subject","ack_policy":"none","ack_wait":86400000000000,"max_deliver":1,"filter_subject":"$KV.ANAGRAFICA2.\u003e","replay_policy":"instant","idle_heartbeat":5000000000,"flow_control":true,"deliver_subject":"_INBOX.1IQQYPA7MF8SLHT9N6PDLI","inactive_threshold":5000000000,"num_replicas":1,"mem_storage":true},"delivered":{"consumer_seq":0,"stream_seq":0},"ack_floor":{"consumer_seq":0,"stream_seq":0},"num_ack_pending":0,"num_redelivered":0,"num_waiting":0,"num_pending":100298,"cluster":{"leader":"vxr-dev-nats01"},"push_bound":true}
[/var/tmp/TestEnv2/nats.c/src/jsm.c:2974] IFOK(s, _unmarshalConsumerCreateOrGetResp(new_ci, resp, errCode)) 0 OK
WARNING : [NATS] Server : ] ConnectionStatus 4 = NATS_CONN_STATUS_RECONNECTING [closure=NULL]
kvWatcher_Next : (26) : Timeout
kvWatcher_Next : (26) : Timeout
kvWatcher_Next : (26) : Timeout
kvWatcher_Next : (26) : Timeout
kvWatcher_Next : (26) : Timeout
kvWatcher_Next : (26) : Timeout
kvWatcher_Next : (26) : Timeout
kvWatcher_Next : (26) : Timeout
kvWatcher_Next : (26) : Timeout
kvWatcher_Next : (26) : Timeout
kvWatcher_Next : (26) : Timeout
[/var/tmp/TestEnv2/nats.c/src/jsm.c:2907] js_AddConsumer stream=KV_ANAGRAFICA2
[/var/tmp/TestEnv2/nats.c/src/jsm.c:2913] js_AddConsumer cfg->Name=(null) cfg->Durable=(null)
WARNING : [NATS] Server : nats://msp_admin_devel:msp_admin_devel@vxr-dev-nats01:1222] ConnectionStatus 2 = NATS_CONN_STATUS_CONNECTED [closure=NULL]
[/var/tmp/TestEnv2/nats.c/src/jsm.c:2965] IFOK(s, _marshalConsumerCreateReq(&buf, stream, cfg)) 0 OK
[/var/tmp/TestEnv2/nats.c/src/jsm.c:2968] Before sendRequest: subj=$JS.API.CONSUMER.CREATE.KV_ANAGRAFICA2 buf={"stream_name":"KV_ANAGRAFICA2","config":{"deliver_policy":"by_start_sequence","deliver_subject":"_INBOX.1IQQYPA7MF8SLHT9N6PDMZ","opt_start_seq":22407,"ack_policy":"none","ack_wait":86400000000000,"max_deliver":1,"filter_subject":"$KV.ANAGRAFICA2.>","replay_policy":"instant","flow_control":true,"idle_heartbeat":5000000000,"num_replicas":1,"mem_storage":true}}
kvWatcher_Next : (26) : Timeout
[/var/tmp/TestEnv2/nats.c/src/jsm.c:2970] IFOK_JSR(s, natsConnection_Request(&resp, nc, subj, natsBuf_Data(buf), natsBuf_Len(buf), o.Wait)) 0 OK
TRACE[/var/tmp/TestEnv2/nats.c/src/jsm.c:2857] : {"type":"io.nats.jetstream.api.v1.consumer_create_response","stream_name":"KV_ANAGRAFICA2","name":"UcsbsfHe","created":"2022-10-09T12:07:10.043161281Z","config":{"deliver_policy":"by_start_sequence","opt_start_seq":22407,"ack_policy":"none","ack_wait":86400000000000,"max_deliver":1,"filter_subject":"$KV.ANAGRAFICA2.\u003e","replay_policy":"instant","idle_heartbeat":5000000000,"flow_control":true,"deliver_subject":"_INBOX.1IQQYPA7MF8SLHT9N6PDMZ","inactive_threshold":5000000000,"num_replicas":1,"mem_storage":true},"delivered":{"consumer_seq":0,"stream_seq":22406},"ack_floor":{"consumer_seq":0,"stream_seq":0},"num_ack_pending":0,"num_redelivered":0,"num_waiting":0,"num_pending":77892,"cluster":{"leader":"vxr-dev-nats01"},"push_bound":true}
[/var/tmp/TestEnv2/nats.c/src/jsm.c:2974] IFOK(s, _unmarshalConsumerCreateOrGetResp(new_ci, resp, errCode)) 0 OK
